{"level":"info","message":"Loading Mongoose functionality","timestamp":"2017-12-16T09:03:44.672Z"}
{"level":"info","message":"Starting application","timestamp":"2017-12-16T09:03:47.174Z"}
{"level":"info","message":"HTTP Server listening on port:5000, in development mode","timestamp":"2017-12-16T09:03:47.196Z"}
{"level":"info","message":"Mongoose connected to the database","timestamp":"2017-12-16T09:03:47.248Z"}
{"level":"info","message":"Request from ::1","timestamp":"2017-12-16T09:05:41.704Z"}
{"level":"info","message":"Request from ::1","timestamp":"2017-12-16T09:05:42.125Z"}
{"level":"verbose","message":"Get MyPics for a user","timestamp":"2017-12-16T09:05:42.129Z"}
{"level":"info","message":"Request from ::1","timestamp":"2017-12-16T09:05:42.253Z"}
{"level":"info","message":"Request from ::1","timestamp":"2017-12-16T09:05:42.257Z"}
{"level":"info","message":"Request from ::1","timestamp":"2017-12-16T09:05:42.260Z"}
{"level":"info","message":"Request from ::1","timestamp":"2017-12-16T09:05:42.262Z"}
{"level":"info","message":"Request from ::1","timestamp":"2017-12-16T09:06:03.442Z"}
{"level":"verbose","message":"Get MyPics for a user","timestamp":"2017-12-16T09:06:03.443Z"}
{"level":"info","message":"Request from ::1","timestamp":"2017-12-16T09:06:03.497Z"}
{"level":"info","message":"Request from ::1","timestamp":"2017-12-16T09:06:03.498Z"}
{"level":"info","message":"Request from ::1","timestamp":"2017-12-16T09:06:03.499Z"}
{"level":"info","message":"Request from ::1","timestamp":"2017-12-16T09:06:03.500Z"}
{"level":"info","message":"Request from ::1","timestamp":"2017-12-16T09:06:20.424Z"}
{"level":"verbose","message":"Create a MyPic","timestamp":"2017-12-16T09:06:20.426Z"}
{"level":"error","message":"ValidationError: description: Path `description` is required.\n    at MongooseError.ValidationError (C:\\SHRUTI\\UWM\\FALL-2017\\810- Web Development\\Development\\Shruti\\PhotoGallery\\server\\node_modules\\mongoose\\lib\\error\\validation.js:28:11)\n    at model.Document.invalidate (C:\\SHRUTI\\UWM\\FALL-2017\\810- Web Development\\Development\\Shruti\\PhotoGallery\\server\\node_modules\\mongoose\\lib\\document.js:1658:32)\n    at C:\\SHRUTI\\UWM\\FALL-2017\\810- Web Development\\Development\\Shruti\\PhotoGallery\\server\\node_modules\\mongoose\\lib\\document.js:1530:17\n    at validate (C:\\SHRUTI\\UWM\\FALL-2017\\810- Web Development\\Development\\Shruti\\PhotoGallery\\server\\node_modules\\mongoose\\lib\\schematype.js:779:7)\n    at C:\\SHRUTI\\UWM\\FALL-2017\\810- Web Development\\Development\\Shruti\\PhotoGallery\\server\\node_modules\\mongoose\\lib\\schematype.js:824:11\n    at Array.forEach (native)\n    at SchemaString.SchemaType.doValidate (C:\\SHRUTI\\UWM\\FALL-2017\\810- Web Development\\Development\\Shruti\\PhotoGallery\\server\\node_modules\\mongoose\\lib\\schematype.js:784:19)\n    at C:\\SHRUTI\\UWM\\FALL-2017\\810- Web Development\\Development\\Shruti\\PhotoGallery\\server\\node_modules\\mongoose\\lib\\document.js:1528:9\n    at _combinedTickCallback (internal/process/next_tick.js:73:7)\n    at process._tickCallback (internal/process/next_tick.js:104:9)\nFrom previous event:\n    at model.wrappedPointCut [as save] (C:\\SHRUTI\\UWM\\FALL-2017\\810- Web Development\\Development\\Shruti\\PhotoGallery\\server\\node_modules\\mongoose\\lib\\services\\model\\applyHooks.js:131:23)\n    at C:\\SHRUTI\\UWM\\FALL-2017\\810- Web Development\\Development\\Shruti\\PhotoGallery\\server\\app\\controllers\\mypics.js:54:15\n    at Layer.handle [as handle_request] (C:\\SHRUTI\\UWM\\FALL-2017\\810- Web Development\\Development\\Shruti\\PhotoGallery\\server\\node_modules\\express\\lib\\router\\layer.js:95:5)\n    at next (C:\\SHRUTI\\UWM\\FALL-2017\\810- Web Development\\Development\\Shruti\\PhotoGallery\\server\\node_modules\\express\\lib\\router\\route.js:137:13)\n    at Route.dispatch (C:\\SHRUTI\\UWM\\FALL-2017\\810- Web Development\\Development\\Shruti\\PhotoGallery\\server\\node_modules\\express\\lib\\router\\route.js:112:3)\n    at Layer.handle [as handle_request] (C:\\SHRUTI\\UWM\\FALL-2017\\810- Web Development\\Development\\Shruti\\PhotoGallery\\server\\node_modules\\express\\lib\\router\\layer.js:95:5)\n    at C:\\SHRUTI\\UWM\\FALL-2017\\810- Web Development\\Development\\Shruti\\PhotoGallery\\server\\node_modules\\express\\lib\\router\\index.js:281:22\n    at Function.process_params (C:\\SHRUTI\\UWM\\FALL-2017\\810- Web Development\\Development\\Shruti\\PhotoGallery\\server\\node_modules\\express\\lib\\router\\index.js:335:12)\n    at next (C:\\SHRUTI\\UWM\\FALL-2017\\810- Web Development\\Development\\Shruti\\PhotoGallery\\server\\node_modules\\express\\lib\\router\\index.js:275:10)\n    at Function.handle (C:\\SHRUTI\\UWM\\FALL-2017\\810- Web Development\\Development\\Shruti\\PhotoGallery\\server\\node_modules\\express\\lib\\router\\index.js:174:3)\n    at router (C:\\SHRUTI\\UWM\\FALL-2017\\810- Web Development\\Development\\Shruti\\PhotoGallery\\server\\node_modules\\express\\lib\\router\\index.js:47:12)\n    at Layer.handle [as handle_request] (C:\\SHRUTI\\UWM\\FALL-2017\\810- Web Development\\Development\\Shruti\\PhotoGallery\\server\\node_modules\\express\\lib\\router\\layer.js:95:5)\n    at trim_prefix (C:\\SHRUTI\\UWM\\FALL-2017\\810- Web Development\\Development\\Shruti\\PhotoGallery\\server\\node_modules\\express\\lib\\router\\index.js:317:13)\n    at C:\\SHRUTI\\UWM\\FALL-2017\\810- Web Development\\Development\\Shruti\\PhotoGallery\\server\\node_modules\\express\\lib\\router\\index.js:284:7\n    at Function.process_params (C:\\SHRUTI\\UWM\\FALL-2017\\810- Web Development\\Development\\Shruti\\PhotoGallery\\server\\node_modules\\express\\lib\\router\\index.js:335:12)\n    at next (C:\\SHRUTI\\UWM\\FALL-2017\\810- Web Development\\Development\\Shruti\\PhotoGallery\\server\\node_modules\\express\\lib\\router\\index.js:275:10)\n    at urlencodedParser (C:\\SHRUTI\\UWM\\FALL-2017\\810- Web Development\\Development\\Shruti\\PhotoGallery\\server\\node_modules\\body-parser\\lib\\types\\urlencoded.js:82:7)\n    at Layer.handle [as handle_request] (C:\\SHRUTI\\UWM\\FALL-2017\\810- Web Development\\Development\\Shruti\\PhotoGallery\\server\\node_modules\\express\\lib\\router\\layer.js:95:5)\n    at trim_prefix (C:\\SHRUTI\\UWM\\FALL-2017\\810- Web Development\\Development\\Shruti\\PhotoGallery\\server\\node_modules\\express\\lib\\router\\index.js:317:13)","timestamp":"2017-12-16T09:06:20.467Z"}
{"level":"info","message":"Request from ::1","timestamp":"2017-12-16T09:06:20.491Z"}
{"level":"info","message":"Request from ::1","timestamp":"2017-12-16T09:06:20.552Z"}
{"level":"verbose","message":"Upload file for mypic undefined and 5a2b62e13b74177c14cfe86a","timestamp":"2017-12-16T09:06:20.560Z"}
{"level":"error","message":"CastError: Cast to ObjectId failed for value \"undefined\" at path \"_id\" for model \"mypics\"\n    at MongooseError.CastError (C:\\SHRUTI\\UWM\\FALL-2017\\810- Web Development\\Development\\Shruti\\PhotoGallery\\server\\node_modules\\mongoose\\lib\\error\\cast.js:27:11)\n    at ObjectId.cast (C:\\SHRUTI\\UWM\\FALL-2017\\810- Web Development\\Development\\Shruti\\PhotoGallery\\server\\node_modules\\mongoose\\lib\\schema\\objectid.js:158:13)\n    at ObjectId.SchemaType._castForQuery (C:\\SHRUTI\\UWM\\FALL-2017\\810- Web Development\\Development\\Shruti\\PhotoGallery\\server\\node_modules\\mongoose\\lib\\schematype.js:1083:15)\n    at ObjectId.castForQuery (C:\\SHRUTI\\UWM\\FALL-2017\\810- Web Development\\Development\\Shruti\\PhotoGallery\\server\\node_modules\\mongoose\\lib\\schema\\objectid.js:198:15)\n    at ObjectId.SchemaType.castForQueryWrapper (C:\\SHRUTI\\UWM\\FALL-2017\\810- Web Development\\Development\\Shruti\\PhotoGallery\\server\\node_modules\\mongoose\\lib\\schematype.js:1040:15)\n    at cast (C:\\SHRUTI\\UWM\\FALL-2017\\810- Web Development\\Development\\Shruti\\PhotoGallery\\server\\node_modules\\mongoose\\lib\\cast.js:269:32)\n    at Query.cast (C:\\SHRUTI\\UWM\\FALL-2017\\810- Web Development\\Development\\Shruti\\PhotoGallery\\server\\node_modules\\mongoose\\lib\\query.js:3252:12)\n    at Query._castConditions (C:\\SHRUTI\\UWM\\FALL-2017\\810- Web Development\\Development\\Shruti\\PhotoGallery\\server\\node_modules\\mongoose\\lib\\query.js:1247:10)\n    at Query._findOne (C:\\SHRUTI\\UWM\\FALL-2017\\810- Web Development\\Development\\Shruti\\PhotoGallery\\server\\node_modules\\mongoose\\lib\\query.js:1454:8)\n    at C:\\SHRUTI\\UWM\\FALL-2017\\810- Web Development\\Development\\Shruti\\PhotoGallery\\server\\node_modules\\kareem\\index.js:250:8\n    at C:\\SHRUTI\\UWM\\FALL-2017\\810- Web Development\\Development\\Shruti\\PhotoGallery\\server\\node_modules\\kareem\\index.js:23:7\n    at _combinedTickCallback (internal/process/next_tick.js:73:7)\n    at process._tickCallback (internal/process/next_tick.js:104:9)","timestamp":"2017-12-16T09:06:20.605Z"}
{"level":"info","message":"Request from ::1","timestamp":"2017-12-16T09:06:24.579Z"}
{"level":"verbose","message":"Get MyPics for a user","timestamp":"2017-12-16T09:06:24.580Z"}
{"level":"info","message":"Request from ::1","timestamp":"2017-12-16T09:06:24.636Z"}
{"level":"info","message":"Request from ::1","timestamp":"2017-12-16T09:06:24.638Z"}
{"level":"info","message":"Request from ::1","timestamp":"2017-12-16T09:06:24.640Z"}
{"level":"info","message":"Request from ::1","timestamp":"2017-12-16T09:06:24.641Z"}
{"level":"info","message":"Request from ::1","timestamp":"2017-12-16T09:06:59.385Z"}
{"level":"verbose","message":"Get MyPics for a user","timestamp":"2017-12-16T09:06:59.386Z"}
{"level":"info","message":"Request from ::1","timestamp":"2017-12-16T09:06:59.455Z"}
{"level":"info","message":"Request from ::1","timestamp":"2017-12-16T09:06:59.457Z"}
{"level":"info","message":"Request from ::1","timestamp":"2017-12-16T09:06:59.461Z"}
{"level":"info","message":"Request from ::1","timestamp":"2017-12-16T09:06:59.463Z"}
{"level":"info","message":"Request from ::1","timestamp":"2017-12-16T09:11:46.665Z"}
{"level":"verbose","message":"Get MyPics for a user","timestamp":"2017-12-16T09:11:46.666Z"}
{"level":"info","message":"Request from ::1","timestamp":"2017-12-16T09:11:54.325Z"}
{"level":"verbose","message":"Get MyPics for a user","timestamp":"2017-12-16T09:11:54.326Z"}
{"level":"info","message":"Request from ::1","timestamp":"2017-12-16T09:12:09.189Z"}
{"level":"verbose","message":"Create a MyPic","timestamp":"2017-12-16T09:12:09.191Z"}
{"level":"error","message":"ValidationError: description: Path `description` is required.\n    at MongooseError.ValidationError (C:\\SHRUTI\\UWM\\FALL-2017\\810- Web Development\\Development\\Shruti\\PhotoGallery\\server\\node_modules\\mongoose\\lib\\error\\validation.js:28:11)\n    at model.Document.invalidate (C:\\SHRUTI\\UWM\\FALL-2017\\810- Web Development\\Development\\Shruti\\PhotoGallery\\server\\node_modules\\mongoose\\lib\\document.js:1658:32)\n    at C:\\SHRUTI\\UWM\\FALL-2017\\810- Web Development\\Development\\Shruti\\PhotoGallery\\server\\node_modules\\mongoose\\lib\\document.js:1530:17\n    at validate (C:\\SHRUTI\\UWM\\FALL-2017\\810- Web Development\\Development\\Shruti\\PhotoGallery\\server\\node_modules\\mongoose\\lib\\schematype.js:779:7)\n    at C:\\SHRUTI\\UWM\\FALL-2017\\810- Web Development\\Development\\Shruti\\PhotoGallery\\server\\node_modules\\mongoose\\lib\\schematype.js:824:11\n    at Array.forEach (native)\n    at SchemaString.SchemaType.doValidate (C:\\SHRUTI\\UWM\\FALL-2017\\810- Web Development\\Development\\Shruti\\PhotoGallery\\server\\node_modules\\mongoose\\lib\\schematype.js:784:19)\n    at C:\\SHRUTI\\UWM\\FALL-2017\\810- Web Development\\Development\\Shruti\\PhotoGallery\\server\\node_modules\\mongoose\\lib\\document.js:1528:9\n    at _combinedTickCallback (internal/process/next_tick.js:73:7)\n    at process._tickCallback (internal/process/next_tick.js:104:9)\nFrom previous event:\n    at model.wrappedPointCut [as save] (C:\\SHRUTI\\UWM\\FALL-2017\\810- Web Development\\Development\\Shruti\\PhotoGallery\\server\\node_modules\\mongoose\\lib\\services\\model\\applyHooks.js:131:23)\n    at C:\\SHRUTI\\UWM\\FALL-2017\\810- Web Development\\Development\\Shruti\\PhotoGallery\\server\\app\\controllers\\mypics.js:54:15\n    at Layer.handle [as handle_request] (C:\\SHRUTI\\UWM\\FALL-2017\\810- Web Development\\Development\\Shruti\\PhotoGallery\\server\\node_modules\\express\\lib\\router\\layer.js:95:5)\n    at next (C:\\SHRUTI\\UWM\\FALL-2017\\810- Web Development\\Development\\Shruti\\PhotoGallery\\server\\node_modules\\express\\lib\\router\\route.js:137:13)\n    at Route.dispatch (C:\\SHRUTI\\UWM\\FALL-2017\\810- Web Development\\Development\\Shruti\\PhotoGallery\\server\\node_modules\\express\\lib\\router\\route.js:112:3)\n    at Layer.handle [as handle_request] (C:\\SHRUTI\\UWM\\FALL-2017\\810- Web Development\\Development\\Shruti\\PhotoGallery\\server\\node_modules\\express\\lib\\router\\layer.js:95:5)\n    at C:\\SHRUTI\\UWM\\FALL-2017\\810- Web Development\\Development\\Shruti\\PhotoGallery\\server\\node_modules\\express\\lib\\router\\index.js:281:22\n    at Function.process_params (C:\\SHRUTI\\UWM\\FALL-2017\\810- Web Development\\Development\\Shruti\\PhotoGallery\\server\\node_modules\\express\\lib\\router\\index.js:335:12)\n    at next (C:\\SHRUTI\\UWM\\FALL-2017\\810- Web Development\\Development\\Shruti\\PhotoGallery\\server\\node_modules\\express\\lib\\router\\index.js:275:10)\n    at Function.handle (C:\\SHRUTI\\UWM\\FALL-2017\\810- Web Development\\Development\\Shruti\\PhotoGallery\\server\\node_modules\\express\\lib\\router\\index.js:174:3)\n    at router (C:\\SHRUTI\\UWM\\FALL-2017\\810- Web Development\\Development\\Shruti\\PhotoGallery\\server\\node_modules\\express\\lib\\router\\index.js:47:12)\n    at Layer.handle [as handle_request] (C:\\SHRUTI\\UWM\\FALL-2017\\810- Web Development\\Development\\Shruti\\PhotoGallery\\server\\node_modules\\express\\lib\\router\\layer.js:95:5)\n    at trim_prefix (C:\\SHRUTI\\UWM\\FALL-2017\\810- Web Development\\Development\\Shruti\\PhotoGallery\\server\\node_modules\\express\\lib\\router\\index.js:317:13)\n    at C:\\SHRUTI\\UWM\\FALL-2017\\810- Web Development\\Development\\Shruti\\PhotoGallery\\server\\node_modules\\express\\lib\\router\\index.js:284:7\n    at Function.process_params (C:\\SHRUTI\\UWM\\FALL-2017\\810- Web Development\\Development\\Shruti\\PhotoGallery\\server\\node_modules\\express\\lib\\router\\index.js:335:12)\n    at next (C:\\SHRUTI\\UWM\\FALL-2017\\810- Web Development\\Development\\Shruti\\PhotoGallery\\server\\node_modules\\express\\lib\\router\\index.js:275:10)\n    at urlencodedParser (C:\\SHRUTI\\UWM\\FALL-2017\\810- Web Development\\Development\\Shruti\\PhotoGallery\\server\\node_modules\\body-parser\\lib\\types\\urlencoded.js:82:7)\n    at Layer.handle [as handle_request] (C:\\SHRUTI\\UWM\\FALL-2017\\810- Web Development\\Development\\Shruti\\PhotoGallery\\server\\node_modules\\express\\lib\\router\\layer.js:95:5)\n    at trim_prefix (C:\\SHRUTI\\UWM\\FALL-2017\\810- Web Development\\Development\\Shruti\\PhotoGallery\\server\\node_modules\\express\\lib\\router\\index.js:317:13)","timestamp":"2017-12-16T09:12:09.219Z"}
{"level":"info","message":"Request from ::1","timestamp":"2017-12-16T09:12:09.237Z"}
{"level":"verbose","message":"Upload file for mypic undefined and 5a2b62e13b74177c14cfe86a","timestamp":"2017-12-16T09:12:09.250Z"}
{"level":"error","message":"CastError: Cast to ObjectId failed for value \"undefined\" at path \"_id\" for model \"mypics\"\n    at MongooseError.CastError (C:\\SHRUTI\\UWM\\FALL-2017\\810- Web Development\\Development\\Shruti\\PhotoGallery\\server\\node_modules\\mongoose\\lib\\error\\cast.js:27:11)\n    at ObjectId.cast (C:\\SHRUTI\\UWM\\FALL-2017\\810- Web Development\\Development\\Shruti\\PhotoGallery\\server\\node_modules\\mongoose\\lib\\schema\\objectid.js:158:13)\n    at ObjectId.SchemaType._castForQuery (C:\\SHRUTI\\UWM\\FALL-2017\\810- Web Development\\Development\\Shruti\\PhotoGallery\\server\\node_modules\\mongoose\\lib\\schematype.js:1083:15)\n    at ObjectId.castForQuery (C:\\SHRUTI\\UWM\\FALL-2017\\810- Web Development\\Development\\Shruti\\PhotoGallery\\server\\node_modules\\mongoose\\lib\\schema\\objectid.js:198:15)\n    at ObjectId.SchemaType.castForQueryWrapper (C:\\SHRUTI\\UWM\\FALL-2017\\810- Web Development\\Development\\Shruti\\PhotoGallery\\server\\node_modules\\mongoose\\lib\\schematype.js:1040:15)\n    at cast (C:\\SHRUTI\\UWM\\FALL-2017\\810- Web Development\\Development\\Shruti\\PhotoGallery\\server\\node_modules\\mongoose\\lib\\cast.js:269:32)\n    at Query.cast (C:\\SHRUTI\\UWM\\FALL-2017\\810- Web Development\\Development\\Shruti\\PhotoGallery\\server\\node_modules\\mongoose\\lib\\query.js:3252:12)\n    at Query._castConditions (C:\\SHRUTI\\UWM\\FALL-2017\\810- Web Development\\Development\\Shruti\\PhotoGallery\\server\\node_modules\\mongoose\\lib\\query.js:1247:10)\n    at Query._findOne (C:\\SHRUTI\\UWM\\FALL-2017\\810- Web Development\\Development\\Shruti\\PhotoGallery\\server\\node_modules\\mongoose\\lib\\query.js:1454:8)\n    at C:\\SHRUTI\\UWM\\FALL-2017\\810- Web Development\\Development\\Shruti\\PhotoGallery\\server\\node_modules\\kareem\\index.js:250:8\n    at C:\\SHRUTI\\UWM\\FALL-2017\\810- Web Development\\Development\\Shruti\\PhotoGallery\\server\\node_modules\\kareem\\index.js:23:7\n    at _combinedTickCallback (internal/process/next_tick.js:73:7)\n    at process._tickCallback (internal/process/next_tick.js:104:9)","timestamp":"2017-12-16T09:12:09.282Z"}
{"level":"info","message":"Request from ::1","timestamp":"2017-12-16T09:12:14.530Z"}
{"level":"verbose","message":"Get MyPics for a user","timestamp":"2017-12-16T09:12:14.531Z"}
{"level":"info","message":"Request from ::1","timestamp":"2017-12-16T09:12:17.912Z"}
{"level":"verbose","message":"Get MyPics for a user","timestamp":"2017-12-16T09:12:17.912Z"}
{"level":"info","message":"Request from ::1","timestamp":"2017-12-16T09:12:25.202Z"}
{"level":"verbose","message":"Get MyPics for a user","timestamp":"2017-12-16T09:12:25.203Z"}
{"level":"info","message":"Loading Mongoose functionality","timestamp":"2017-12-16T09:13:27.407Z"}
{"level":"info","message":"Starting application","timestamp":"2017-12-16T09:13:27.793Z"}
{"level":"info","message":"HTTP Server listening on port:5000, in development mode","timestamp":"2017-12-16T09:13:27.815Z"}
{"level":"info","message":"Mongoose connected to the database","timestamp":"2017-12-16T09:13:27.864Z"}
{"level":"info","message":"Request from ::1","timestamp":"2017-12-16T09:13:53.072Z"}
{"level":"verbose","message":"Get MyPics for a user","timestamp":"2017-12-16T09:13:53.075Z"}
{"level":"info","message":"Request from ::1","timestamp":"2017-12-16T09:17:11.922Z"}
{"level":"verbose","message":"Get MyPics for a user","timestamp":"2017-12-16T09:17:11.923Z"}
{"level":"info","message":"Request from ::1","timestamp":"2017-12-16T09:17:55.841Z"}
{"level":"verbose","message":"Get MyPics for a user","timestamp":"2017-12-16T09:17:55.842Z"}
{"level":"info","message":"Request from ::1","timestamp":"2017-12-16T09:19:36.740Z"}
{"level":"verbose","message":"Get MyPics for a user","timestamp":"2017-12-16T09:19:36.742Z"}
{"level":"info","message":"Request from ::1","timestamp":"2017-12-16T09:22:17.761Z"}
{"level":"verbose","message":"Get MyPics for a user","timestamp":"2017-12-16T09:22:17.763Z"}
{"level":"info","message":"Request from ::1","timestamp":"2017-12-16T09:25:00.707Z"}
{"level":"verbose","message":"Get MyPics for a user","timestamp":"2017-12-16T09:25:00.710Z"}
{"level":"info","message":"Request from ::1","timestamp":"2017-12-16T16:55:40.150Z"}
{"level":"info","message":"Request from ::1","timestamp":"2017-12-16T16:55:40.580Z"}
{"level":"verbose","message":"Get MyPics for a user","timestamp":"2017-12-16T16:55:40.581Z"}
{"level":"info","message":"Request from ::1","timestamp":"2017-12-16T16:57:31.651Z"}
{"level":"verbose","message":"Get MyPics for a user","timestamp":"2017-12-16T16:57:31.651Z"}
{"level":"info","message":"Request from ::1","timestamp":"2017-12-16T16:57:35.893Z"}
{"level":"verbose","message":"Get MyPics for a user","timestamp":"2017-12-16T16:57:35.893Z"}
{"level":"info","message":"Request from ::1","timestamp":"2017-12-16T16:58:20.306Z"}
{"level":"verbose","message":"Get MyPics for a user","timestamp":"2017-12-16T16:58:20.307Z"}
{"level":"info","message":"Request from ::1","timestamp":"2017-12-16T16:59:31.375Z"}
{"level":"verbose","message":"Get MyPics for a user","timestamp":"2017-12-16T16:59:31.375Z"}
{"level":"info","message":"Request from ::1","timestamp":"2017-12-16T17:01:58.611Z"}
{"level":"verbose","message":"Get MyPics for a user","timestamp":"2017-12-16T17:01:58.611Z"}
{"level":"info","message":"Request from ::1","timestamp":"2017-12-16T17:08:45.691Z"}
{"level":"verbose","message":"Get MyPics for a user","timestamp":"2017-12-16T17:08:45.692Z"}
{"level":"info","message":"Request from ::1","timestamp":"2017-12-16T17:12:01.812Z"}
{"level":"verbose","message":"Get MyPics for a user","timestamp":"2017-12-16T17:12:01.814Z"}
{"level":"info","message":"Request from ::1","timestamp":"2017-12-16T17:12:59.321Z"}
{"level":"verbose","message":"Get MyPics for a user","timestamp":"2017-12-16T17:12:59.322Z"}
{"level":"info","message":"Request from ::1","timestamp":"2017-12-16T17:13:06.545Z"}
{"level":"verbose","message":"Get MyPics for a user","timestamp":"2017-12-16T17:13:06.545Z"}
{"level":"info","message":"Request from ::1","timestamp":"2017-12-16T17:16:19.172Z"}
{"level":"verbose","message":"Get MyPics for a user","timestamp":"2017-12-16T17:16:19.173Z"}
{"level":"info","message":"Request from ::1","timestamp":"2017-12-16T17:26:10.596Z"}
{"level":"verbose","message":"Get MyPics for a user","timestamp":"2017-12-16T17:26:10.597Z"}
{"level":"info","message":"Request from ::1","timestamp":"2017-12-16T17:26:16.256Z"}
{"level":"verbose","message":"Get MyPics for a user","timestamp":"2017-12-16T17:26:16.256Z"}
{"level":"info","message":"Request from ::1","timestamp":"2017-12-16T17:26:40.783Z"}
{"level":"info","message":"Request from ::1","timestamp":"2017-12-16T17:26:41.008Z"}
{"level":"verbose","message":"Get MyPics for a user","timestamp":"2017-12-16T17:26:41.009Z"}
{"level":"info","message":"Request from ::1","timestamp":"2017-12-16T17:29:13.041Z"}
{"level":"verbose","message":"Get MyPics for a user","timestamp":"2017-12-16T17:29:13.042Z"}
{"level":"info","message":"Request from ::1","timestamp":"2017-12-16T17:31:51.252Z"}
{"level":"verbose","message":"Get MyPics for a user","timestamp":"2017-12-16T17:31:51.252Z"}
{"level":"info","message":"Request from ::1","timestamp":"2017-12-16T17:32:40.901Z"}
{"level":"verbose","message":"Get MyPics for a user","timestamp":"2017-12-16T17:32:40.902Z"}
{"level":"info","message":"Request from ::1","timestamp":"2017-12-16T17:33:22.193Z"}
{"level":"verbose","message":"Get MyPics for a user","timestamp":"2017-12-16T17:33:22.196Z"}
{"level":"info","message":"Request from ::1","timestamp":"2017-12-16T17:34:34.199Z"}
{"level":"verbose","message":"Get MyPics for a user","timestamp":"2017-12-16T17:34:34.199Z"}
{"level":"info","message":"Request from ::1","timestamp":"2017-12-16T17:36:11.812Z"}
{"level":"verbose","message":"Get MyPics for a user","timestamp":"2017-12-16T17:36:11.812Z"}
{"level":"info","message":"Request from ::1","timestamp":"2017-12-16T17:36:15.493Z"}
{"level":"verbose","message":"Get MyPics for a user","timestamp":"2017-12-16T17:36:15.494Z"}
{"level":"info","message":"Request from ::1","timestamp":"2017-12-16T17:36:59.349Z"}
{"level":"verbose","message":"Get MyPics for a user","timestamp":"2017-12-16T17:36:59.350Z"}
{"level":"info","message":"Request from ::1","timestamp":"2017-12-16T17:38:11.103Z"}
{"level":"verbose","message":"Get MyPics for a user","timestamp":"2017-12-16T17:38:11.103Z"}
{"level":"info","message":"Request from ::1","timestamp":"2017-12-16T17:38:14.478Z"}
{"level":"verbose","message":"Get MyPics for a user","timestamp":"2017-12-16T17:38:14.479Z"}
{"level":"info","message":"Request from ::1","timestamp":"2017-12-16T17:39:00.499Z"}
{"level":"verbose","message":"Get MyPics for a user","timestamp":"2017-12-16T17:39:00.500Z"}
{"level":"info","message":"Request from ::1","timestamp":"2017-12-16T17:40:01.440Z"}
{"level":"verbose","message":"Get MyPics for a user","timestamp":"2017-12-16T17:40:01.441Z"}
{"level":"info","message":"Request from ::1","timestamp":"2017-12-16T17:40:05.060Z"}
{"level":"verbose","message":"Get MyPics for a user","timestamp":"2017-12-16T17:40:05.061Z"}
{"level":"info","message":"Request from ::1","timestamp":"2017-12-16T17:42:01.750Z"}
{"level":"verbose","message":"Get MyPics for a user","timestamp":"2017-12-16T17:42:01.751Z"}
{"level":"info","message":"Request from ::1","timestamp":"2017-12-16T17:46:47.438Z"}
{"level":"verbose","message":"Get MyPics for a user","timestamp":"2017-12-16T17:46:47.438Z"}
{"level":"info","message":"Request from ::1","timestamp":"2017-12-16T17:50:32.699Z"}
{"level":"verbose","message":"Get MyPics for a user","timestamp":"2017-12-16T17:50:32.699Z"}
{"level":"info","message":"Request from ::1","timestamp":"2017-12-16T17:51:27.076Z"}
{"level":"verbose","message":"Get MyPics for a user","timestamp":"2017-12-16T17:51:27.077Z"}
{"level":"info","message":"Request from ::1","timestamp":"2017-12-16T17:53:39.224Z"}
{"level":"verbose","message":"Get MyPics for a user","timestamp":"2017-12-16T17:53:39.225Z"}
{"level":"info","message":"Request from ::1","timestamp":"2017-12-16T17:56:20.042Z"}
{"level":"verbose","message":"Get MyPics for a user","timestamp":"2017-12-16T17:56:20.043Z"}
{"level":"info","message":"Request from ::1","timestamp":"2017-12-16T17:59:08.771Z"}
{"level":"verbose","message":"Get MyPics for a user","timestamp":"2017-12-16T17:59:08.773Z"}
{"level":"info","message":"Request from ::1","timestamp":"2017-12-16T18:00:08.707Z"}
{"level":"verbose","message":"Get MyPics for a user","timestamp":"2017-12-16T18:00:08.707Z"}
{"level":"info","message":"Request from ::1","timestamp":"2017-12-16T18:01:24.014Z"}
{"level":"verbose","message":"Create a MyPic","timestamp":"2017-12-16T18:01:24.017Z"}
{"level":"error","message":"ValidationError: description: Path `description` is required.\n    at MongooseError.ValidationError (C:\\SHRUTI\\UWM\\FALL-2017\\810- Web Development\\Development\\Shruti\\PhotoGallery\\server\\node_modules\\mongoose\\lib\\error\\validation.js:28:11)\n    at model.Document.invalidate (C:\\SHRUTI\\UWM\\FALL-2017\\810- Web Development\\Development\\Shruti\\PhotoGallery\\server\\node_modules\\mongoose\\lib\\document.js:1658:32)\n    at C:\\SHRUTI\\UWM\\FALL-2017\\810- Web Development\\Development\\Shruti\\PhotoGallery\\server\\node_modules\\mongoose\\lib\\document.js:1530:17\n    at validate (C:\\SHRUTI\\UWM\\FALL-2017\\810- Web Development\\Development\\Shruti\\PhotoGallery\\server\\node_modules\\mongoose\\lib\\schematype.js:779:7)\n    at C:\\SHRUTI\\UWM\\FALL-2017\\810- Web Development\\Development\\Shruti\\PhotoGallery\\server\\node_modules\\mongoose\\lib\\schematype.js:824:11\n    at Array.forEach (native)\n    at SchemaString.SchemaType.doValidate (C:\\SHRUTI\\UWM\\FALL-2017\\810- Web Development\\Development\\Shruti\\PhotoGallery\\server\\node_modules\\mongoose\\lib\\schematype.js:784:19)\n    at C:\\SHRUTI\\UWM\\FALL-2017\\810- Web Development\\Development\\Shruti\\PhotoGallery\\server\\node_modules\\mongoose\\lib\\document.js:1528:9\n    at _combinedTickCallback (internal/process/next_tick.js:73:7)\n    at process._tickCallback (internal/process/next_tick.js:104:9)\nFrom previous event:\n    at model.wrappedPointCut [as save] (C:\\SHRUTI\\UWM\\FALL-2017\\810- Web Development\\Development\\Shruti\\PhotoGallery\\server\\node_modules\\mongoose\\lib\\services\\model\\applyHooks.js:131:23)\n    at C:\\SHRUTI\\UWM\\FALL-2017\\810- Web Development\\Development\\Shruti\\PhotoGallery\\server\\app\\controllers\\mypics.js:54:15\n    at Layer.handle [as handle_request] (C:\\SHRUTI\\UWM\\FALL-2017\\810- Web Development\\Development\\Shruti\\PhotoGallery\\server\\node_modules\\express\\lib\\router\\layer.js:95:5)\n    at next (C:\\SHRUTI\\UWM\\FALL-2017\\810- Web Development\\Development\\Shruti\\PhotoGallery\\server\\node_modules\\express\\lib\\router\\route.js:137:13)\n    at Route.dispatch (C:\\SHRUTI\\UWM\\FALL-2017\\810- Web Development\\Development\\Shruti\\PhotoGallery\\server\\node_modules\\express\\lib\\router\\route.js:112:3)\n    at Layer.handle [as handle_request] (C:\\SHRUTI\\UWM\\FALL-2017\\810- Web Development\\Development\\Shruti\\PhotoGallery\\server\\node_modules\\express\\lib\\router\\layer.js:95:5)\n    at C:\\SHRUTI\\UWM\\FALL-2017\\810- Web Development\\Development\\Shruti\\PhotoGallery\\server\\node_modules\\express\\lib\\router\\index.js:281:22\n    at Function.process_params (C:\\SHRUTI\\UWM\\FALL-2017\\810- Web Development\\Development\\Shruti\\PhotoGallery\\server\\node_modules\\express\\lib\\router\\index.js:335:12)\n    at next (C:\\SHRUTI\\UWM\\FALL-2017\\810- Web Development\\Development\\Shruti\\PhotoGallery\\server\\node_modules\\express\\lib\\router\\index.js:275:10)\n    at Function.handle (C:\\SHRUTI\\UWM\\FALL-2017\\810- Web Development\\Development\\Shruti\\PhotoGallery\\server\\node_modules\\express\\lib\\router\\index.js:174:3)\n    at router (C:\\SHRUTI\\UWM\\FALL-2017\\810- Web Development\\Development\\Shruti\\PhotoGallery\\server\\node_modules\\express\\lib\\router\\index.js:47:12)\n    at Layer.handle [as handle_request] (C:\\SHRUTI\\UWM\\FALL-2017\\810- Web Development\\Development\\Shruti\\PhotoGallery\\server\\node_modules\\express\\lib\\router\\layer.js:95:5)\n    at trim_prefix (C:\\SHRUTI\\UWM\\FALL-2017\\810- Web Development\\Development\\Shruti\\PhotoGallery\\server\\node_modules\\express\\lib\\router\\index.js:317:13)\n    at C:\\SHRUTI\\UWM\\FALL-2017\\810- Web Development\\Development\\Shruti\\PhotoGallery\\server\\node_modules\\express\\lib\\router\\index.js:284:7\n    at Function.process_params (C:\\SHRUTI\\UWM\\FALL-2017\\810- Web Development\\Development\\Shruti\\PhotoGallery\\server\\node_modules\\express\\lib\\router\\index.js:335:12)\n    at next (C:\\SHRUTI\\UWM\\FALL-2017\\810- Web Development\\Development\\Shruti\\PhotoGallery\\server\\node_modules\\express\\lib\\router\\index.js:275:10)\n    at urlencodedParser (C:\\SHRUTI\\UWM\\FALL-2017\\810- Web Development\\Development\\Shruti\\PhotoGallery\\server\\node_modules\\body-parser\\lib\\types\\urlencoded.js:82:7)\n    at Layer.handle [as handle_request] (C:\\SHRUTI\\UWM\\FALL-2017\\810- Web Development\\Development\\Shruti\\PhotoGallery\\server\\node_modules\\express\\lib\\router\\layer.js:95:5)\n    at trim_prefix (C:\\SHRUTI\\UWM\\FALL-2017\\810- Web Development\\Development\\Shruti\\PhotoGallery\\server\\node_modules\\express\\lib\\router\\index.js:317:13)","timestamp":"2017-12-16T18:01:24.119Z"}
{"level":"info","message":"Request from ::1","timestamp":"2017-12-16T18:01:29.044Z"}
{"level":"verbose","message":"Get MyPics for a user","timestamp":"2017-12-16T18:01:29.045Z"}
{"level":"info","message":"Request from ::1","timestamp":"2017-12-16T18:01:47.653Z"}
{"level":"verbose","message":"Create a MyPic","timestamp":"2017-12-16T18:01:47.656Z"}
{"level":"error","message":"ValidationError: description: Path `description` is required.\n    at MongooseError.ValidationError (C:\\SHRUTI\\UWM\\FALL-2017\\810- Web Development\\Development\\Shruti\\PhotoGallery\\server\\node_modules\\mongoose\\lib\\error\\validation.js:28:11)\n    at model.Document.invalidate (C:\\SHRUTI\\UWM\\FALL-2017\\810- Web Development\\Development\\Shruti\\PhotoGallery\\server\\node_modules\\mongoose\\lib\\document.js:1658:32)\n    at C:\\SHRUTI\\UWM\\FALL-2017\\810- Web Development\\Development\\Shruti\\PhotoGallery\\server\\node_modules\\mongoose\\lib\\document.js:1530:17\n    at validate (C:\\SHRUTI\\UWM\\FALL-2017\\810- Web Development\\Development\\Shruti\\PhotoGallery\\server\\node_modules\\mongoose\\lib\\schematype.js:779:7)\n    at C:\\SHRUTI\\UWM\\FALL-2017\\810- Web Development\\Development\\Shruti\\PhotoGallery\\server\\node_modules\\mongoose\\lib\\schematype.js:824:11\n    at Array.forEach (native)\n    at SchemaString.SchemaType.doValidate (C:\\SHRUTI\\UWM\\FALL-2017\\810- Web Development\\Development\\Shruti\\PhotoGallery\\server\\node_modules\\mongoose\\lib\\schematype.js:784:19)\n    at C:\\SHRUTI\\UWM\\FALL-2017\\810- Web Development\\Development\\Shruti\\PhotoGallery\\server\\node_modules\\mongoose\\lib\\document.js:1528:9\n    at _combinedTickCallback (internal/process/next_tick.js:73:7)\n    at process._tickCallback (internal/process/next_tick.js:104:9)\nFrom previous event:\n    at model.wrappedPointCut [as save] (C:\\SHRUTI\\UWM\\FALL-2017\\810- Web Development\\Development\\Shruti\\PhotoGallery\\server\\node_modules\\mongoose\\lib\\services\\model\\applyHooks.js:131:23)\n    at C:\\SHRUTI\\UWM\\FALL-2017\\810- Web Development\\Development\\Shruti\\PhotoGallery\\server\\app\\controllers\\mypics.js:54:15\n    at Layer.handle [as handle_request] (C:\\SHRUTI\\UWM\\FALL-2017\\810- Web Development\\Development\\Shruti\\PhotoGallery\\server\\node_modules\\express\\lib\\router\\layer.js:95:5)\n    at next (C:\\SHRUTI\\UWM\\FALL-2017\\810- Web Development\\Development\\Shruti\\PhotoGallery\\server\\node_modules\\express\\lib\\router\\route.js:137:13)\n    at Route.dispatch (C:\\SHRUTI\\UWM\\FALL-2017\\810- Web Development\\Development\\Shruti\\PhotoGallery\\server\\node_modules\\express\\lib\\router\\route.js:112:3)\n    at Layer.handle [as handle_request] (C:\\SHRUTI\\UWM\\FALL-2017\\810- Web Development\\Development\\Shruti\\PhotoGallery\\server\\node_modules\\express\\lib\\router\\layer.js:95:5)\n    at C:\\SHRUTI\\UWM\\FALL-2017\\810- Web Development\\Development\\Shruti\\PhotoGallery\\server\\node_modules\\express\\lib\\router\\index.js:281:22\n    at Function.process_params (C:\\SHRUTI\\UWM\\FALL-2017\\810- Web Development\\Development\\Shruti\\PhotoGallery\\server\\node_modules\\express\\lib\\router\\index.js:335:12)\n    at next (C:\\SHRUTI\\UWM\\FALL-2017\\810- Web Development\\Development\\Shruti\\PhotoGallery\\server\\node_modules\\express\\lib\\router\\index.js:275:10)\n    at Function.handle (C:\\SHRUTI\\UWM\\FALL-2017\\810- Web Development\\Development\\Shruti\\PhotoGallery\\server\\node_modules\\express\\lib\\router\\index.js:174:3)\n    at router (C:\\SHRUTI\\UWM\\FALL-2017\\810- Web Development\\Development\\Shruti\\PhotoGallery\\server\\node_modules\\express\\lib\\router\\index.js:47:12)\n    at Layer.handle [as handle_request] (C:\\SHRUTI\\UWM\\FALL-2017\\810- Web Development\\Development\\Shruti\\PhotoGallery\\server\\node_modules\\express\\lib\\router\\layer.js:95:5)\n    at trim_prefix (C:\\SHRUTI\\UWM\\FALL-2017\\810- Web Development\\Development\\Shruti\\PhotoGallery\\server\\node_modules\\express\\lib\\router\\index.js:317:13)\n    at C:\\SHRUTI\\UWM\\FALL-2017\\810- Web Development\\Development\\Shruti\\PhotoGallery\\server\\node_modules\\express\\lib\\router\\index.js:284:7\n    at Function.process_params (C:\\SHRUTI\\UWM\\FALL-2017\\810- Web Development\\Development\\Shruti\\PhotoGallery\\server\\node_modules\\express\\lib\\router\\index.js:335:12)\n    at next (C:\\SHRUTI\\UWM\\FALL-2017\\810- Web Development\\Development\\Shruti\\PhotoGallery\\server\\node_modules\\express\\lib\\router\\index.js:275:10)\n    at urlencodedParser (C:\\SHRUTI\\UWM\\FALL-2017\\810- Web Development\\Development\\Shruti\\PhotoGallery\\server\\node_modules\\body-parser\\lib\\types\\urlencoded.js:82:7)\n    at Layer.handle [as handle_request] (C:\\SHRUTI\\UWM\\FALL-2017\\810- Web Development\\Development\\Shruti\\PhotoGallery\\server\\node_modules\\express\\lib\\router\\layer.js:95:5)\n    at trim_prefix (C:\\SHRUTI\\UWM\\FALL-2017\\810- Web Development\\Development\\Shruti\\PhotoGallery\\server\\node_modules\\express\\lib\\router\\index.js:317:13)","timestamp":"2017-12-16T18:01:47.683Z"}
{"level":"info","message":"Request from ::1","timestamp":"2017-12-16T18:01:51.866Z"}
{"level":"verbose","message":"Get MyPics for a user","timestamp":"2017-12-16T18:01:51.866Z"}
{"level":"info","message":"Request from ::1","timestamp":"2017-12-16T18:03:55.190Z"}
{"level":"verbose","message":"Create a MyPic","timestamp":"2017-12-16T18:03:55.193Z"}
{"level":"error","message":"ValidationError: description: Path `description` is required.\n    at MongooseError.ValidationError (C:\\SHRUTI\\UWM\\FALL-2017\\810- Web Development\\Development\\Shruti\\PhotoGallery\\server\\node_modules\\mongoose\\lib\\error\\validation.js:28:11)\n    at model.Document.invalidate (C:\\SHRUTI\\UWM\\FALL-2017\\810- Web Development\\Development\\Shruti\\PhotoGallery\\server\\node_modules\\mongoose\\lib\\document.js:1658:32)\n    at C:\\SHRUTI\\UWM\\FALL-2017\\810- Web Development\\Development\\Shruti\\PhotoGallery\\server\\node_modules\\mongoose\\lib\\document.js:1530:17\n    at validate (C:\\SHRUTI\\UWM\\FALL-2017\\810- Web Development\\Development\\Shruti\\PhotoGallery\\server\\node_modules\\mongoose\\lib\\schematype.js:779:7)\n    at C:\\SHRUTI\\UWM\\FALL-2017\\810- Web Development\\Development\\Shruti\\PhotoGallery\\server\\node_modules\\mongoose\\lib\\schematype.js:824:11\n    at Array.forEach (native)\n    at SchemaString.SchemaType.doValidate (C:\\SHRUTI\\UWM\\FALL-2017\\810- Web Development\\Development\\Shruti\\PhotoGallery\\server\\node_modules\\mongoose\\lib\\schematype.js:784:19)\n    at C:\\SHRUTI\\UWM\\FALL-2017\\810- Web Development\\Development\\Shruti\\PhotoGallery\\server\\node_modules\\mongoose\\lib\\document.js:1528:9\n    at _combinedTickCallback (internal/process/next_tick.js:73:7)\n    at process._tickCallback (internal/process/next_tick.js:104:9)\nFrom previous event:\n    at model.wrappedPointCut [as save] (C:\\SHRUTI\\UWM\\FALL-2017\\810- Web Development\\Development\\Shruti\\PhotoGallery\\server\\node_modules\\mongoose\\lib\\services\\model\\applyHooks.js:131:23)\n    at C:\\SHRUTI\\UWM\\FALL-2017\\810- Web Development\\Development\\Shruti\\PhotoGallery\\server\\app\\controllers\\mypics.js:54:15\n    at Layer.handle [as handle_request] (C:\\SHRUTI\\UWM\\FALL-2017\\810- Web Development\\Development\\Shruti\\PhotoGallery\\server\\node_modules\\express\\lib\\router\\layer.js:95:5)\n    at next (C:\\SHRUTI\\UWM\\FALL-2017\\810- Web Development\\Development\\Shruti\\PhotoGallery\\server\\node_modules\\express\\lib\\router\\route.js:137:13)\n    at Route.dispatch (C:\\SHRUTI\\UWM\\FALL-2017\\810- Web Development\\Development\\Shruti\\PhotoGallery\\server\\node_modules\\express\\lib\\router\\route.js:112:3)\n    at Layer.handle [as handle_request] (C:\\SHRUTI\\UWM\\FALL-2017\\810- Web Development\\Development\\Shruti\\PhotoGallery\\server\\node_modules\\express\\lib\\router\\layer.js:95:5)\n    at C:\\SHRUTI\\UWM\\FALL-2017\\810- Web Development\\Development\\Shruti\\PhotoGallery\\server\\node_modules\\express\\lib\\router\\index.js:281:22\n    at Function.process_params (C:\\SHRUTI\\UWM\\FALL-2017\\810- Web Development\\Development\\Shruti\\PhotoGallery\\server\\node_modules\\express\\lib\\router\\index.js:335:12)\n    at next (C:\\SHRUTI\\UWM\\FALL-2017\\810- Web Development\\Development\\Shruti\\PhotoGallery\\server\\node_modules\\express\\lib\\router\\index.js:275:10)\n    at Function.handle (C:\\SHRUTI\\UWM\\FALL-2017\\810- Web Development\\Development\\Shruti\\PhotoGallery\\server\\node_modules\\express\\lib\\router\\index.js:174:3)\n    at router (C:\\SHRUTI\\UWM\\FALL-2017\\810- Web Development\\Development\\Shruti\\PhotoGallery\\server\\node_modules\\express\\lib\\router\\index.js:47:12)\n    at Layer.handle [as handle_request] (C:\\SHRUTI\\UWM\\FALL-2017\\810- Web Development\\Development\\Shruti\\PhotoGallery\\server\\node_modules\\express\\lib\\router\\layer.js:95:5)\n    at trim_prefix (C:\\SHRUTI\\UWM\\FALL-2017\\810- Web Development\\Development\\Shruti\\PhotoGallery\\server\\node_modules\\express\\lib\\router\\index.js:317:13)\n    at C:\\SHRUTI\\UWM\\FALL-2017\\810- Web Development\\Development\\Shruti\\PhotoGallery\\server\\node_modules\\express\\lib\\router\\index.js:284:7\n    at Function.process_params (C:\\SHRUTI\\UWM\\FALL-2017\\810- Web Development\\Development\\Shruti\\PhotoGallery\\server\\node_modules\\express\\lib\\router\\index.js:335:12)\n    at next (C:\\SHRUTI\\UWM\\FALL-2017\\810- Web Development\\Development\\Shruti\\PhotoGallery\\server\\node_modules\\express\\lib\\router\\index.js:275:10)\n    at urlencodedParser (C:\\SHRUTI\\UWM\\FALL-2017\\810- Web Development\\Development\\Shruti\\PhotoGallery\\server\\node_modules\\body-parser\\lib\\types\\urlencoded.js:82:7)\n    at Layer.handle [as handle_request] (C:\\SHRUTI\\UWM\\FALL-2017\\810- Web Development\\Development\\Shruti\\PhotoGallery\\server\\node_modules\\express\\lib\\router\\layer.js:95:5)\n    at trim_prefix (C:\\SHRUTI\\UWM\\FALL-2017\\810- Web Development\\Development\\Shruti\\PhotoGallery\\server\\node_modules\\express\\lib\\router\\index.js:317:13)","timestamp":"2017-12-16T18:03:55.220Z"}
{"level":"info","message":"Request from ::1","timestamp":"2017-12-16T18:03:59.777Z"}
{"level":"verbose","message":"Get MyPics for a user","timestamp":"2017-12-16T18:03:59.778Z"}
{"level":"info","message":"Request from ::1","timestamp":"2017-12-16T18:06:05.058Z"}
{"level":"verbose","message":"Create a MyPic","timestamp":"2017-12-16T18:06:05.059Z"}
{"level":"error","message":"ValidationError: description: Path `description` is required.\n    at MongooseError.ValidationError (C:\\SHRUTI\\UWM\\FALL-2017\\810- Web Development\\Development\\Shruti\\PhotoGallery\\server\\node_modules\\mongoose\\lib\\error\\validation.js:28:11)\n    at model.Document.invalidate (C:\\SHRUTI\\UWM\\FALL-2017\\810- Web Development\\Development\\Shruti\\PhotoGallery\\server\\node_modules\\mongoose\\lib\\document.js:1658:32)\n    at C:\\SHRUTI\\UWM\\FALL-2017\\810- Web Development\\Development\\Shruti\\PhotoGallery\\server\\node_modules\\mongoose\\lib\\document.js:1530:17\n    at validate (C:\\SHRUTI\\UWM\\FALL-2017\\810- Web Development\\Development\\Shruti\\PhotoGallery\\server\\node_modules\\mongoose\\lib\\schematype.js:779:7)\n    at C:\\SHRUTI\\UWM\\FALL-2017\\810- Web Development\\Development\\Shruti\\PhotoGallery\\server\\node_modules\\mongoose\\lib\\schematype.js:824:11\n    at Array.forEach (native)\n    at SchemaString.SchemaType.doValidate (C:\\SHRUTI\\UWM\\FALL-2017\\810- Web Development\\Development\\Shruti\\PhotoGallery\\server\\node_modules\\mongoose\\lib\\schematype.js:784:19)\n    at C:\\SHRUTI\\UWM\\FALL-2017\\810- Web Development\\Development\\Shruti\\PhotoGallery\\server\\node_modules\\mongoose\\lib\\document.js:1528:9\n    at _combinedTickCallback (internal/process/next_tick.js:73:7)\n    at process._tickCallback (internal/process/next_tick.js:104:9)\nFrom previous event:\n    at model.wrappedPointCut [as save] (C:\\SHRUTI\\UWM\\FALL-2017\\810- Web Development\\Development\\Shruti\\PhotoGallery\\server\\node_modules\\mongoose\\lib\\services\\model\\applyHooks.js:131:23)\n    at C:\\SHRUTI\\UWM\\FALL-2017\\810- Web Development\\Development\\Shruti\\PhotoGallery\\server\\app\\controllers\\mypics.js:54:15\n    at Layer.handle [as handle_request] (C:\\SHRUTI\\UWM\\FALL-2017\\810- Web Development\\Development\\Shruti\\PhotoGallery\\server\\node_modules\\express\\lib\\router\\layer.js:95:5)\n    at next (C:\\SHRUTI\\UWM\\FALL-2017\\810- Web Development\\Development\\Shruti\\PhotoGallery\\server\\node_modules\\express\\lib\\router\\route.js:137:13)\n    at Route.dispatch (C:\\SHRUTI\\UWM\\FALL-2017\\810- Web Development\\Development\\Shruti\\PhotoGallery\\server\\node_modules\\express\\lib\\router\\route.js:112:3)\n    at Layer.handle [as handle_request] (C:\\SHRUTI\\UWM\\FALL-2017\\810- Web Development\\Development\\Shruti\\PhotoGallery\\server\\node_modules\\express\\lib\\router\\layer.js:95:5)\n    at C:\\SHRUTI\\UWM\\FALL-2017\\810- Web Development\\Development\\Shruti\\PhotoGallery\\server\\node_modules\\express\\lib\\router\\index.js:281:22\n    at Function.process_params (C:\\SHRUTI\\UWM\\FALL-2017\\810- Web Development\\Development\\Shruti\\PhotoGallery\\server\\node_modules\\express\\lib\\router\\index.js:335:12)\n    at next (C:\\SHRUTI\\UWM\\FALL-2017\\810- Web Development\\Development\\Shruti\\PhotoGallery\\server\\node_modules\\express\\lib\\router\\index.js:275:10)\n    at Function.handle (C:\\SHRUTI\\UWM\\FALL-2017\\810- Web Development\\Development\\Shruti\\PhotoGallery\\server\\node_modules\\express\\lib\\router\\index.js:174:3)\n    at router (C:\\SHRUTI\\UWM\\FALL-2017\\810- Web Development\\Development\\Shruti\\PhotoGallery\\server\\node_modules\\express\\lib\\router\\index.js:47:12)\n    at Layer.handle [as handle_request] (C:\\SHRUTI\\UWM\\FALL-2017\\810- Web Development\\Development\\Shruti\\PhotoGallery\\server\\node_modules\\express\\lib\\router\\layer.js:95:5)\n    at trim_prefix (C:\\SHRUTI\\UWM\\FALL-2017\\810- Web Development\\Development\\Shruti\\PhotoGallery\\server\\node_modules\\express\\lib\\router\\index.js:317:13)\n    at C:\\SHRUTI\\UWM\\FALL-2017\\810- Web Development\\Development\\Shruti\\PhotoGallery\\server\\node_modules\\express\\lib\\router\\index.js:284:7\n    at Function.process_params (C:\\SHRUTI\\UWM\\FALL-2017\\810- Web Development\\Development\\Shruti\\PhotoGallery\\server\\node_modules\\express\\lib\\router\\index.js:335:12)\n    at next (C:\\SHRUTI\\UWM\\FALL-2017\\810- Web Development\\Development\\Shruti\\PhotoGallery\\server\\node_modules\\express\\lib\\router\\index.js:275:10)\n    at urlencodedParser (C:\\SHRUTI\\UWM\\FALL-2017\\810- Web Development\\Development\\Shruti\\PhotoGallery\\server\\node_modules\\body-parser\\lib\\types\\urlencoded.js:82:7)\n    at Layer.handle [as handle_request] (C:\\SHRUTI\\UWM\\FALL-2017\\810- Web Development\\Development\\Shruti\\PhotoGallery\\server\\node_modules\\express\\lib\\router\\layer.js:95:5)\n    at trim_prefix (C:\\SHRUTI\\UWM\\FALL-2017\\810- Web Development\\Development\\Shruti\\PhotoGallery\\server\\node_modules\\express\\lib\\router\\index.js:317:13)","timestamp":"2017-12-16T18:06:05.085Z"}
{"level":"info","message":"Request from ::1","timestamp":"2017-12-16T18:06:10.321Z"}
{"level":"verbose","message":"Get MyPics for a user","timestamp":"2017-12-16T18:06:10.322Z"}
{"level":"info","message":"Request from ::1","timestamp":"2017-12-16T18:10:01.693Z"}
{"level":"verbose","message":"Get MyPics for a user","timestamp":"2017-12-16T18:10:01.694Z"}
