{"level":"info","message":"Loading Mongoose functionality","timestamp":"2017-12-19T03:07:25.505Z"}
{"level":"info","message":"Starting application","timestamp":"2017-12-19T03:07:26.991Z"}
{"level":"info","message":"HTTP Server listening on port:5000, in development mode","timestamp":"2017-12-19T03:07:27.012Z"}
{"level":"info","message":"Mongoose connected to the database","timestamp":"2017-12-19T03:07:27.094Z"}
{"level":"info","message":"Request from ::1","timestamp":"2017-12-19T03:08:52.707Z"}
{"level":"info","message":"Request from ::1","timestamp":"2017-12-19T03:08:53.068Z"}
{"level":"verbose","message":"Get Gallery for a user","timestamp":"2017-12-19T03:08:53.071Z"}
{"level":"info","message":"Request from ::1","timestamp":"2017-12-19T03:09:00.904Z"}
{"level":"verbose","message":"Get user5a3618c6772e6231b8d1588a","timestamp":"2017-12-19T03:09:00.905Z"}
{"level":"info","message":"Request from ::1","timestamp":"2017-12-19T03:09:00.964Z"}
{"level":"info","message":"Request from ::1","timestamp":"2017-12-19T03:09:00.968Z"}
{"level":"info","message":"Request from ::1","timestamp":"2017-12-19T03:09:00.971Z"}
{"level":"info","message":"Request from ::1","timestamp":"2017-12-19T03:09:00.974Z"}
{"level":"info","message":"Request from ::1","timestamp":"2017-12-19T03:09:05.031Z"}
{"level":"verbose","message":"Delete gallery with id mygalleryid5a378ef703f262459876c951","timestamp":"2017-12-19T03:09:05.032Z"}
{"level":"info","message":"Request from ::1","timestamp":"2017-12-19T03:09:10.937Z"}
{"level":"verbose","message":"Get Gallery for a user","timestamp":"2017-12-19T03:09:10.938Z"}
{"level":"info","message":"Request from ::1","timestamp":"2017-12-19T03:09:13.085Z"}
{"level":"verbose","message":"Get user5a3618c6772e6231b8d1588a","timestamp":"2017-12-19T03:09:13.086Z"}
{"level":"info","message":"Request from ::1","timestamp":"2017-12-19T03:09:13.098Z"}
{"level":"info","message":"Request from ::1","timestamp":"2017-12-19T03:09:13.099Z"}
{"level":"info","message":"Request from ::1","timestamp":"2017-12-19T03:09:13.123Z"}
{"level":"info","message":"Request from ::1","timestamp":"2017-12-19T03:09:17.307Z"}
{"level":"verbose","message":"Delete gallery with id mygalleryid5a38133880c4d440d4b840df","timestamp":"2017-12-19T03:09:17.308Z"}
{"level":"info","message":"Request from ::1","timestamp":"2017-12-19T03:09:31.644Z"}
{"level":"verbose","message":"Get user5a3618c6772e6231b8d1588a","timestamp":"2017-12-19T03:09:31.645Z"}
{"level":"info","message":"Loading Mongoose functionality","timestamp":"2017-12-19T04:27:19.151Z"}
{"level":"info","message":"Starting application","timestamp":"2017-12-19T04:27:20.564Z"}
{"level":"info","message":"HTTP Server listening on port:5000, in development mode","timestamp":"2017-12-19T04:27:20.578Z"}
{"level":"info","message":"Mongoose connected to the database","timestamp":"2017-12-19T04:27:20.605Z"}
{"level":"info","message":"Request from ::1","timestamp":"2017-12-19T04:52:28.355Z"}
{"level":"verbose","message":"Create user","timestamp":"2017-12-19T04:52:28.390Z"}
{"level":"info","message":"Request from ::1","timestamp":"2017-12-19T04:52:43.719Z"}
{"level":"info","message":"Request from ::1","timestamp":"2017-12-19T04:52:44.033Z"}
{"level":"verbose","message":"Get Gallery for a user","timestamp":"2017-12-19T04:52:44.035Z"}
{"level":"info","message":"Request from ::1","timestamp":"2017-12-19T04:52:48.997Z"}
{"level":"verbose","message":"Get user5a3618c6772e6231b8d1588a","timestamp":"2017-12-19T04:52:48.998Z"}
{"level":"info","message":"Request from ::1","timestamp":"2017-12-19T04:52:49.013Z"}
{"level":"info","message":"Request from ::1","timestamp":"2017-12-19T04:52:49.017Z"}
{"level":"info","message":"Request from ::1","timestamp":"2017-12-19T04:52:54.164Z"}
{"level":"verbose","message":"Get Gallery for a user","timestamp":"2017-12-19T04:52:54.165Z"}
{"level":"info","message":"Request from ::1","timestamp":"2017-12-19T04:52:56.170Z"}
{"level":"verbose","message":"Get user5a363d5ca0cb9546204c581d","timestamp":"2017-12-19T04:52:56.171Z"}
{"level":"info","message":"Request from ::1","timestamp":"2017-12-19T04:52:56.186Z"}
{"level":"info","message":"Request from ::1","timestamp":"2017-12-19T04:52:56.189Z"}
{"level":"info","message":"Request from ::1","timestamp":"2017-12-19T04:52:56.193Z"}
{"level":"info","message":"Request from ::1","timestamp":"2017-12-19T04:52:56.194Z"}
{"level":"info","message":"Request from ::1","timestamp":"2017-12-19T04:53:13.878Z"}
{"level":"verbose","message":"Create user","timestamp":"2017-12-19T04:53:13.880Z"}
{"level":"error","message":"ValidationError: password: Path `password` is required., email: Path `email` is required., lastName: Path `lastName` is required., firstName: Path `firstName` is required.\n    at MongooseError.ValidationError (C:\\Users\\Shruti\\Desktop\\MyPhotoGallery\\server\\node_modules\\mongoose\\lib\\error\\validation.js:28:11)\n    at model.Document.invalidate (C:\\Users\\Shruti\\Desktop\\MyPhotoGallery\\server\\node_modules\\mongoose\\lib\\document.js:1658:32)\n    at C:\\Users\\Shruti\\Desktop\\MyPhotoGallery\\server\\node_modules\\mongoose\\lib\\document.js:1530:17\n    at validate (C:\\Users\\Shruti\\Desktop\\MyPhotoGallery\\server\\node_modules\\mongoose\\lib\\schematype.js:779:7)\n    at C:\\Users\\Shruti\\Desktop\\MyPhotoGallery\\server\\node_modules\\mongoose\\lib\\schematype.js:824:11\n    at Array.forEach (native)\n    at SchemaString.SchemaType.doValidate (C:\\Users\\Shruti\\Desktop\\MyPhotoGallery\\server\\node_modules\\mongoose\\lib\\schematype.js:784:19)\n    at C:\\Users\\Shruti\\Desktop\\MyPhotoGallery\\server\\node_modules\\mongoose\\lib\\document.js:1528:9\n    at _combinedTickCallback (internal/process/next_tick.js:73:7)\n    at process._tickCallback (internal/process/next_tick.js:104:9)\nFrom previous event:\n    at model.wrappedPointCut [as save] (C:\\Users\\Shruti\\Desktop\\MyPhotoGallery\\server\\node_modules\\mongoose\\lib\\services\\model\\applyHooks.js:131:23)\n    at C:\\Users\\Shruti\\Desktop\\MyPhotoGallery\\server\\app\\controllers\\users.js:52:14\n    at Layer.handle [as handle_request] (C:\\Users\\Shruti\\Desktop\\MyPhotoGallery\\server\\node_modules\\express\\lib\\router\\layer.js:95:5)\n    at next (C:\\Users\\Shruti\\Desktop\\MyPhotoGallery\\server\\node_modules\\express\\lib\\router\\route.js:137:13)\n    at Route.dispatch (C:\\Users\\Shruti\\Desktop\\MyPhotoGallery\\server\\node_modules\\express\\lib\\router\\route.js:112:3)\n    at Layer.handle [as handle_request] (C:\\Users\\Shruti\\Desktop\\MyPhotoGallery\\server\\node_modules\\express\\lib\\router\\layer.js:95:5)\n    at C:\\Users\\Shruti\\Desktop\\MyPhotoGallery\\server\\node_modules\\express\\lib\\router\\index.js:281:22\n    at Function.process_params (C:\\Users\\Shruti\\Desktop\\MyPhotoGallery\\server\\node_modules\\express\\lib\\router\\index.js:335:12)\n    at next (C:\\Users\\Shruti\\Desktop\\MyPhotoGallery\\server\\node_modules\\express\\lib\\router\\index.js:275:10)\n    at Function.handle (C:\\Users\\Shruti\\Desktop\\MyPhotoGallery\\server\\node_modules\\express\\lib\\router\\index.js:174:3)\n    at router (C:\\Users\\Shruti\\Desktop\\MyPhotoGallery\\server\\node_modules\\express\\lib\\router\\index.js:47:12)\n    at Layer.handle [as handle_request] (C:\\Users\\Shruti\\Desktop\\MyPhotoGallery\\server\\node_modules\\express\\lib\\router\\layer.js:95:5)\n    at trim_prefix (C:\\Users\\Shruti\\Desktop\\MyPhotoGallery\\server\\node_modules\\express\\lib\\router\\index.js:317:13)\n    at C:\\Users\\Shruti\\Desktop\\MyPhotoGallery\\server\\node_modules\\express\\lib\\router\\index.js:284:7\n    at Function.process_params (C:\\Users\\Shruti\\Desktop\\MyPhotoGallery\\server\\node_modules\\express\\lib\\router\\index.js:335:12)\n    at next (C:\\Users\\Shruti\\Desktop\\MyPhotoGallery\\server\\node_modules\\express\\lib\\router\\index.js:275:10)\n    at C:\\Users\\Shruti\\Desktop\\MyPhotoGallery\\server\\node_modules\\express\\lib\\router\\index.js:635:15\n    at next (C:\\Users\\Shruti\\Desktop\\MyPhotoGallery\\server\\node_modules\\express\\lib\\router\\index.js:260:14)\n    at Function.handle (C:\\Users\\Shruti\\Desktop\\MyPhotoGallery\\server\\node_modules\\express\\lib\\router\\index.js:174:3)","timestamp":"2017-12-19T04:53:13.924Z"}
{"level":"info","message":"Request from ::1","timestamp":"2017-12-19T04:55:33.348Z"}
{"level":"verbose","message":"Create user","timestamp":"2017-12-19T04:55:33.351Z"}
{"level":"info","message":"Request from ::1","timestamp":"2017-12-19T04:55:47.051Z"}
{"level":"info","message":"Request from ::1","timestamp":"2017-12-19T04:55:47.311Z"}
{"level":"verbose","message":"Get Gallery for a user","timestamp":"2017-12-19T04:55:47.312Z"}
{"level":"info","message":"Request from ::1","timestamp":"2017-12-19T04:56:11.518Z"}
{"level":"verbose","message":"Create a Gallery","timestamp":"2017-12-19T04:56:11.520Z"}
{"level":"info","message":"Request from ::1","timestamp":"2017-12-19T04:56:15.992Z"}
{"level":"verbose","message":"Get user5a389beb7be5c841a461f1da","timestamp":"2017-12-19T04:56:15.993Z"}
{"level":"info","message":"Request from ::1","timestamp":"2017-12-19T04:56:30.665Z"}
{"level":"verbose","message":"Create a photo","timestamp":"2017-12-19T04:56:30.666Z"}
{"level":"info","message":"Request from ::1","timestamp":"2017-12-19T04:56:30.690Z"}
{"level":"info","message":"Request from ::1","timestamp":"2017-12-19T04:56:30.699Z"}
{"level":"verbose","message":"Upload file for my gallery 5a389bfe7be5c841a461f1db and 5a389bc57be5c841a461f1d9","timestamp":"2017-12-19T04:56:30.767Z"}
{"level":"info","message":"Request from ::1","timestamp":"2017-12-19T04:56:35.484Z"}
{"level":"verbose","message":"Get Gallery for a user","timestamp":"2017-12-19T04:56:35.485Z"}
{"level":"info","message":"Request from ::1","timestamp":"2017-12-19T04:56:39.291Z"}
{"level":"verbose","message":"Get user5a389beb7be5c841a461f1da","timestamp":"2017-12-19T04:56:39.294Z"}
{"level":"info","message":"Request from ::1","timestamp":"2017-12-19T04:56:39.309Z"}
{"level":"info","message":"Request from ::1","timestamp":"2017-12-19T04:56:54.418Z"}
{"level":"verbose","message":"Update photos with id mygalleryid5a389bfe7be5c841a461f1db","timestamp":"2017-12-19T04:56:54.421Z"}
{"level":"info","message":"Request from ::1","timestamp":"2017-12-19T04:56:54.559Z"}
{"level":"verbose","message":"Upload file for my gallery 5a389bfe7be5c841a461f1db and 5a389bc57be5c841a461f1d9","timestamp":"2017-12-19T04:56:54.570Z"}
{"level":"info","message":"Request from ::1","timestamp":"2017-12-19T04:57:11.448Z"}
{"level":"verbose","message":"Get user5a389beb7be5c841a461f1da","timestamp":"2017-12-19T04:57:11.450Z"}
{"level":"info","message":"Request from ::1","timestamp":"2017-12-19T04:57:11.467Z"}
{"level":"info","message":"Request from ::1","timestamp":"2017-12-19T04:57:26.445Z"}
{"level":"verbose","message":"Create a photo","timestamp":"2017-12-19T04:57:26.447Z"}
{"level":"info","message":"Request from ::1","timestamp":"2017-12-19T04:57:26.467Z"}
{"level":"info","message":"Request from ::1","timestamp":"2017-12-19T04:57:26.475Z"}
{"level":"verbose","message":"Upload file for my gallery 5a389c367be5c841a461f1dc and 5a389bc57be5c841a461f1d9","timestamp":"2017-12-19T04:57:26.539Z"}
{"level":"info","message":"Request from ::1","timestamp":"2017-12-19T04:57:30.739Z"}
{"level":"verbose","message":"Get Gallery for a user","timestamp":"2017-12-19T04:57:30.740Z"}
{"level":"info","message":"Request from ::1","timestamp":"2017-12-19T04:57:32.606Z"}
{"level":"verbose","message":"Get user5a389beb7be5c841a461f1da","timestamp":"2017-12-19T04:57:32.607Z"}
{"level":"info","message":"Request from ::1","timestamp":"2017-12-19T04:57:32.624Z"}
{"level":"info","message":"Request from ::1","timestamp":"2017-12-19T04:57:32.625Z"}
{"level":"info","message":"Request from ::1","timestamp":"2017-12-19T04:57:41.965Z"}
{"level":"info","message":"Request from ::1","timestamp":"2017-12-19T04:57:46.283Z"}
{"level":"info","message":"Loading Mongoose functionality","timestamp":"2017-12-19T05:10:40.481Z"}
{"level":"info","message":"Starting application","timestamp":"2017-12-19T05:10:40.848Z"}
{"level":"info","message":"HTTP Server listening on port:5000, in development mode","timestamp":"2017-12-19T05:10:40.865Z"}
{"level":"info","message":"Mongoose connected to the database","timestamp":"2017-12-19T05:10:40.893Z"}
{"level":"info","message":"Request from ::1","timestamp":"2017-12-19T05:10:43.969Z"}
{"level":"info","message":"Request from ::1","timestamp":"2017-12-19T05:10:44.033Z"}
{"level":"info","message":"Request from ::1","timestamp":"2017-12-19T05:10:46.496Z"}
{"level":"info","message":"Request from ::1","timestamp":"2017-12-19T05:11:01.455Z"}
{"level":"info","message":"Request from ::1","timestamp":"2017-12-19T05:11:01.521Z"}
{"level":"info","message":"Request from ::1","timestamp":"2017-12-19T05:11:03.261Z"}
{"level":"info","message":"Request from ::1","timestamp":"2017-12-19T05:11:25.097Z"}
{"level":"info","message":"Request from ::1","timestamp":"2017-12-19T05:11:25.163Z"}
{"level":"info","message":"Request from ::1","timestamp":"2017-12-19T05:11:26.531Z"}
{"level":"info","message":"Request from ::1","timestamp":"2017-12-19T05:12:03.253Z"}
{"level":"verbose","message":"Create user","timestamp":"2017-12-19T05:12:03.280Z"}
{"level":"error","message":"ValidationError: password: Path `password` is required., email: Path `email` is required., lastName: Path `lastName` is required., firstName: Path `firstName` is required.\n    at MongooseError.ValidationError (C:\\Users\\Shruti\\Desktop\\MyPhotoGallery\\server\\node_modules\\mongoose\\lib\\error\\validation.js:28:11)\n    at model.Document.invalidate (C:\\Users\\Shruti\\Desktop\\MyPhotoGallery\\server\\node_modules\\mongoose\\lib\\document.js:1658:32)\n    at C:\\Users\\Shruti\\Desktop\\MyPhotoGallery\\server\\node_modules\\mongoose\\lib\\document.js:1530:17\n    at validate (C:\\Users\\Shruti\\Desktop\\MyPhotoGallery\\server\\node_modules\\mongoose\\lib\\schematype.js:779:7)\n    at C:\\Users\\Shruti\\Desktop\\MyPhotoGallery\\server\\node_modules\\mongoose\\lib\\schematype.js:824:11\n    at Array.forEach (native)\n    at SchemaString.SchemaType.doValidate (C:\\Users\\Shruti\\Desktop\\MyPhotoGallery\\server\\node_modules\\mongoose\\lib\\schematype.js:784:19)\n    at C:\\Users\\Shruti\\Desktop\\MyPhotoGallery\\server\\node_modules\\mongoose\\lib\\document.js:1528:9\n    at _combinedTickCallback (internal/process/next_tick.js:73:7)\n    at process._tickCallback (internal/process/next_tick.js:104:9)\nFrom previous event:\n    at model.wrappedPointCut [as save] (C:\\Users\\Shruti\\Desktop\\MyPhotoGallery\\server\\node_modules\\mongoose\\lib\\services\\model\\applyHooks.js:131:23)\n    at C:\\Users\\Shruti\\Desktop\\MyPhotoGallery\\server\\app\\controllers\\users.js:52:14\n    at Layer.handle [as handle_request] (C:\\Users\\Shruti\\Desktop\\MyPhotoGallery\\server\\node_modules\\express\\lib\\router\\layer.js:95:5)\n    at next (C:\\Users\\Shruti\\Desktop\\MyPhotoGallery\\server\\node_modules\\express\\lib\\router\\route.js:137:13)\n    at Route.dispatch (C:\\Users\\Shruti\\Desktop\\MyPhotoGallery\\server\\node_modules\\express\\lib\\router\\route.js:112:3)\n    at Layer.handle [as handle_request] (C:\\Users\\Shruti\\Desktop\\MyPhotoGallery\\server\\node_modules\\express\\lib\\router\\layer.js:95:5)\n    at C:\\Users\\Shruti\\Desktop\\MyPhotoGallery\\server\\node_modules\\express\\lib\\router\\index.js:281:22\n    at Function.process_params (C:\\Users\\Shruti\\Desktop\\MyPhotoGallery\\server\\node_modules\\express\\lib\\router\\index.js:335:12)\n    at next (C:\\Users\\Shruti\\Desktop\\MyPhotoGallery\\server\\node_modules\\express\\lib\\router\\index.js:275:10)\n    at Function.handle (C:\\Users\\Shruti\\Desktop\\MyPhotoGallery\\server\\node_modules\\express\\lib\\router\\index.js:174:3)\n    at router (C:\\Users\\Shruti\\Desktop\\MyPhotoGallery\\server\\node_modules\\express\\lib\\router\\index.js:47:12)\n    at Layer.handle [as handle_request] (C:\\Users\\Shruti\\Desktop\\MyPhotoGallery\\server\\node_modules\\express\\lib\\router\\layer.js:95:5)\n    at trim_prefix (C:\\Users\\Shruti\\Desktop\\MyPhotoGallery\\server\\node_modules\\express\\lib\\router\\index.js:317:13)\n    at C:\\Users\\Shruti\\Desktop\\MyPhotoGallery\\server\\node_modules\\express\\lib\\router\\index.js:284:7\n    at Function.process_params (C:\\Users\\Shruti\\Desktop\\MyPhotoGallery\\server\\node_modules\\express\\lib\\router\\index.js:335:12)\n    at next (C:\\Users\\Shruti\\Desktop\\MyPhotoGallery\\server\\node_modules\\express\\lib\\router\\index.js:275:10)\n    at C:\\Users\\Shruti\\Desktop\\MyPhotoGallery\\server\\node_modules\\express\\lib\\router\\index.js:635:15\n    at next (C:\\Users\\Shruti\\Desktop\\MyPhotoGallery\\server\\node_modules\\express\\lib\\router\\index.js:260:14)\n    at Function.handle (C:\\Users\\Shruti\\Desktop\\MyPhotoGallery\\server\\node_modules\\express\\lib\\router\\index.js:174:3)","timestamp":"2017-12-19T05:12:03.331Z"}
{"level":"info","message":"Request from ::1","timestamp":"2017-12-19T05:12:12.969Z"}
{"level":"info","message":"Request from ::1","timestamp":"2017-12-19T05:12:13.301Z"}
{"level":"verbose","message":"Get Gallery for a user","timestamp":"2017-12-19T05:12:13.303Z"}
{"level":"info","message":"Request from ::1","timestamp":"2017-12-19T05:12:15.361Z"}
{"level":"verbose","message":"Get user5a3618c6772e6231b8d1588a","timestamp":"2017-12-19T05:12:15.362Z"}
{"level":"info","message":"Request from ::1","timestamp":"2017-12-19T05:12:15.458Z"}
{"level":"info","message":"Request from ::1","timestamp":"2017-12-19T05:12:15.462Z"}
{"level":"info","message":"Request from ::1","timestamp":"2017-12-19T05:12:19.736Z"}
{"level":"verbose","message":"Get user5a3812ac80c4d440d4b840dd","timestamp":"2017-12-19T05:12:19.737Z"}
{"level":"info","message":"Request from ::1","timestamp":"2017-12-19T05:12:34.704Z"}
{"level":"verbose","message":"Delete pictures with id mypicid5a3812ac80c4d440d4b840dd","timestamp":"2017-12-19T05:12:34.706Z"}
{"level":"info","message":"Request from ::1","timestamp":"2017-12-19T05:12:41.030Z"}
{"level":"verbose","message":"Get user5a3618c6772e6231b8d1588a","timestamp":"2017-12-19T05:12:41.032Z"}
